<?xml version="1.0" encoding="UTF-8"?>
<!-- Generated by org.testng.reporters.JUnitReportReporter -->
<testsuite hostname="LAPTOP-JF3D1Q9Q" failures="0" tests="1" name="Project.Practical.Demo" time="0.006" errors="0" timestamp="2022-04-29T22:22:56 IST" skipped="0">
  <testcase classname="Project.Practical.Demo" name="demoe" time="0.006"/>
  <system-out/>
</testsuite> <!-- Project.Practical.Demo -->
