<?xml version="1.0" encoding="UTF-8"?>
<!-- Generated by org.testng.reporters.JUnitReportReporter -->
<testsuite hostname="LAPTOP-JF3D1Q9Q" failures="0" tests="2" name="Project.Practical.HomePage" time="60.479" errors="0" timestamp="2022-06-08T14:12:09 IST" skipped="0">
  <testcase classname="Project.Practical.HomePage" name="basePageNavigation" time="25.341"/>
  <system-out/>
  <testcase classname="Project.Practical.HomePage" name="basePageNavigation" time="35.138"/>
  <system-out/>
</testsuite> <!-- Project.Practical.HomePage -->
