<?xml version="1.0" encoding="UTF-8"?>
<!-- Generated by org.testng.reporters.JUnitReportReporter -->
<testsuite hostname="LAPTOP-JF3D1Q9Q" failures="0" tests="1" name="testCases.TestOne" time="0.010" errors="0" timestamp="2022-06-07T21:31:37 IST" skipped="0">
  <testcase classname="testCases.TestOne" name="feature" time="0.010"/>
  <system-out/>
</testsuite> <!-- testCases.TestOne -->
