<?xml version="1.0" encoding="UTF-8"?>
<!-- Generated by org.testng.reporters.JUnitReportReporter -->
<testsuite hostname="LAPTOP-JF3D1Q9Q" failures="0" tests="1" name="resources.Demomo" time="0.006" errors="0" timestamp="2022-04-29T22:43:58 IST" skipped="0">
  <testcase classname="resources.Demomo" name="demoed" time="0.006"/>
  <system-out/>
</testsuite> <!-- resources.Demomo -->
