<?xml version="1.0" encoding="UTF-8"?>
<!-- Generated by org.testng.reporters.JUnitReportReporter -->
<testsuite hostname="LAPTOP-JF3D1Q9Q" failures="0" tests="2" name="Project.Practical.NavBar" time="0.408" errors="0" timestamp="2022-06-08T14:12:09 IST" skipped="0">
  <testcase classname="Project.Practical.NavBar" name="navBar" time="0.343"/>
  <system-out/>
  <testcase classname="Project.Practical.NavBar" name="header" time="0.065"/>
  <system-out/>
</testsuite> <!-- Project.Practical.NavBar -->
