<?xml version="1.0" encoding="UTF-8"?>
<!-- Generated by org.testng.reporters.JUnitReportReporter -->
<testsuite skipped="0" hostname="LAPTOP-JF3D1Q9Q" name="Project.Practical.HomePage" tests="2" failures="0" timestamp="2022-05-05T22:53:00 IST" time="63.107" errors="0">
  <testcase name="basePageNavigation" time="22.670" classname="Project.Practical.HomePage"/>
  <system-out/>
  <testcase name="basePageNavigation" time="40.437" classname="Project.Practical.HomePage"/>
  <system-out/>
</testsuite> <!-- Project.Practical.HomePage -->
