<?xml version="1.0" encoding="UTF-8"?>
<!-- Generated by org.testng.reporters.JUnitReportReporter -->
<testsuite skipped="0" hostname="LAPTOP-JF3D1Q9Q" name="Project.Practical.NavBar" tests="1" failures="0" timestamp="2022-05-05T22:53:00 IST" time="0.367" errors="0">
  <testcase name="navBar" time="0.367" classname="Project.Practical.NavBar"/>
  <system-out/>
</testsuite> <!-- Project.Practical.NavBar -->
